Removed Pin From Net: NetName=NetU2_10 Pin=U2-10
Removed Pin From Net: NetName=NetU2_11 Pin=U2-11
Removed Pin From Net: NetName=NetU2_13 Pin=U2-13
Removed Pin From Net: NetName=NetU2_16 Pin=U2-16
Removed Pin From Net: NetName=NetU2_30 Pin=U2-30
Removed Pin From Net: NetName=NetU2_16 Pin=U4-13
Removed Pin From Net: NetName=NetU2_13 Pin=U4-16
Removed Pin From Net: NetName=NetU2_30 Pin=U4-17
Removed Pin From Net: NetName=NetU2_10 Pin=U4-20
Removed Pin From Net: NetName=NetU2_11 Pin=U4-21
Added Component: Designator=P2(1 Solder Pad)
Added Component: Designator=P3(1 Solder Pad)
Added Component: Designator=P4(1 Solder Pad)
Added Component: Designator=P5(1 Solder Pad)
Added Component: Designator=P6(1 Solder Pad)
Added Component: Designator=P7(1 Solder Pad)
Added Component: Designator=P8(2 Test Points)
Added Component: Designator=P9(2 Test Points)
Added Pin To Net: NetName=NetU2_30 Pin=P2-1
Added Pin To Net: NetName=NetU2_16 Pin=P3-1
Added Pin To Net: NetName=NetU2_13 Pin=P4-1
Added Pin To Net: NetName=NetU2_11 Pin=P5-1
Added Pin To Net: NetName=NetU2_10 Pin=P6-1
Added Pin To Net: NetName=NetC25_1 Pin=P7-1
Added Pin To Net: NetName=GND Pin=P8-2
Added Pin To Net: NetName=GND Pin=P9-2
Added Pin To Net: NetName=3V3_D Pin=R19-1
Added Pin To Net: NetName=NetU2_11 Pin=U2-10
Added Pin To Net: NetName=NetU2_10 Pin=U2-11
Added Pin To Net: NetName=NetU2_16 Pin=U2-13
Added Pin To Net: NetName=NetU2_30 Pin=U2-16
Added Pin To Net: NetName=NetU2_13 Pin=U2-30
Added Pin To Net: NetName=NetU2_30 Pin=U4-13
Added Pin To Net: NetName=NetU2_16 Pin=U4-16
Added Pin To Net: NetName=NetU2_13 Pin=U4-17
Added Pin To Net: NetName=NetU2_11 Pin=U4-20
Added Pin To Net: NetName=NetU2_10 Pin=U4-21
Change Net Name : Old Net Name=NetU2_10 New Net Name=NetP6_1
Change Net Name : Old Net Name=NetU2_11 New Net Name=NetP5_1
Change Net Name : Old Net Name=NetU2_13 New Net Name=NetP4_1
Change Net Name : Old Net Name=NetU2_16 New Net Name=NetP3_1
Change Net Name : Old Net Name=NetU2_30 New Net Name=NetP2_1
Added Member To Class: ClassName=ESP32 Member=Component P2 Single Test Point
Added Member To Class: ClassName=ESP32 Member=Component P3 Single Test Point
Added Member To Class: ClassName=ESP32 Member=Component P4 Single Test Point
Added Member To Class: ClassName=ESP32 Member=Component P5 Single Test Point
Added Member To Class: ClassName=ESP32 Member=Component P6 Single Test Point
Added Member To Class: ClassName=ESP32 Member=Component P7 Single Test Point
Added Member To Class: ClassName=FV-1 Member=Component P8 Double Test Point
Added Member To Class: ClassName=FV-1 Member=Component P9 Double Test Point
