Removed Pin From Net: NetName=GND Pin=R27-2
Removed Member From Class: ClassName=ESP32 Member=D2
Removed Member From Class: ClassName=ESP32 Member=R27
Added Component: Designator=R6(CHIP_R_0603)
Added Component: Designator=R10(CHIP_R_0603)
Added Component: Designator=R11(CHIP_R_0603)
Added Pin To Net: NetName=GND Pin=R6-1
Added Pin To Net: NetName=GND Pin=R10-1
Added Pin To Net: NetName=GND Pin=R11-1
Added Pin To Net: NetName=NetD1_2 Pin=R6-2
Added Net: Name=NetD1_2
Added Pin To Net: NetName=NetD1_3 Pin=R10-2
Added Net: Name=NetD1_3
Added Pin To Net: NetName=NetD1_4 Pin=R11-2
Added Net: Name=NetD1_4
Added Pin To Net: NetName=NetU2_9 Pin=U2-9
Added Net: Name=NetU2_9
Added Pin To Net: NetName=NetU2_12 Pin=U2-12
Added Net: Name=NetU2_12
Added Pin To Net: NetName=NetU2_14 Pin=U2-14
Added Net: Name=NetU2_14
Added Member To Class: ClassName=ESP32 Member=Component R6 500
Added Member To Class: ClassName=ESP32 Member=Component R10 500
Added Member To Class: ClassName=ESP32 Member=Component R11 500
