Added Component: Designator=U2(MODULE_ESP32-WROOM-32E)
Add component (AddParameter): Name = "Availability"; Value = "Unavailable"; VariantName = "[No Variations]"
Add component (AddParameter): Name = "Check_prices"; Value = "https://www.snapeda.com/parts/ESP32-WROOM-32E%20(16MB)/Espressif%20Systems/view-part/4792564/?ref=eda"; VariantName = "[No Variations]"
Add component (AddParameter): Name = "MF"; Value = "Espressif Systems"; VariantName = "[No Variations]"
Add component (AddParameter): Name = "MP"; Value = "ESP32-WROOM-32E (16MB)"; VariantName = "[No Variations]"
Add component (AddParameter): Name = "Package"; Value = "None"; VariantName = "[No Variations]"
Add component (AddParameter): Name = "Price"; Value = "None"; VariantName = "[No Variations]"
Add component (AddParameter): Name = "SnapEDA_Link"; Value = "https://www.snapeda.com/parts/ESP32-WROOM-32E%20(16MB)/Espressif%20Systems/view-part/4792564/?ref=snap"; VariantName = "[No Variations]"
Add component (AddParameter): Name = "Value"; Value = ""; VariantName = "[No Variations]"
Added Pin To Net: NetName=GND Pin=U2-1
Added Pin To Net: NetName=3V3_D Pin=U2-2
Added Pin To Net: NetName=EN Pin=U2-3
Added Pin To Net: NetName=NetU2_10 Pin=U2-10
Added Pin To Net: NetName=NetU2_11 Pin=U2-11
Added Pin To Net: NetName=NetD2_2 Pin=U2-12
Added Pin To Net: NetName=NetU2_13 Pin=U2-13
Added Pin To Net: NetName=GND Pin=U2-15
Added Pin To Net: NetName=NetU2_16 Pin=U2-16
Added Pin To Net: NetName=IO0 Pin=U2-25
Added Pin To Net: NetName=NetR25_1 Pin=U2-26
Added Pin To Net: NetName=NetU2_30 Pin=U2-30
Added Pin To Net: NetName=NetU2_31 Pin=U2-31
Added Pin To Net: NetName=SDA Pin=U2-33
Added Pin To Net: NetName=RXD Pin=U2-34
Added Pin To Net: NetName=TXD Pin=U2-35
Added Pin To Net: NetName=SCL Pin=U2-36
Added Pin To Net: NetName=GND Pin=U2-38
Added Pin To Net: NetName=GND Pin=U2-39
Added Pin To Net: NetName=GND Pin=U2-39
Added Pin To Net: NetName=GND Pin=U2-39
Added Pin To Net: NetName=GND Pin=U2-39
Added Pin To Net: NetName=GND Pin=U2-39
Added Pin To Net: NetName=GND Pin=U2-39
Added Pin To Net: NetName=GND Pin=U2-39
Added Pin To Net: NetName=GND Pin=U2-39
Added Pin To Net: NetName=GND Pin=U2-39
Added Pin To Net: NetName=GND Pin=U2-39
Added Pin To Net: NetName=GND Pin=U2-39
Added Pin To Net: NetName=GND Pin=U2-39
Added Pin To Net: NetName=GND Pin=U2-39
Added Pin To Net: NetName=GND Pin=U2-39
Added Pin To Net: NetName=GND Pin=U2-39
Added Pin To Net: NetName=GND Pin=U2-39
Added Pin To Net: NetName=GND Pin=U2-39
Added Pin To Net: NetName=GND Pin=U2-39
Added Pin To Net: NetName=GND Pin=U2-39
Added Pin To Net: NetName=GND Pin=U2-39
Added Pin To Net: NetName=GND Pin=U2-39
Added Member To Class: ClassName=ESP32 Member=Component U2 ESP32-WROOM-32E_(16MB)
